<?xml version="1.0" encoding="UTF-8"?>
<testsuite name="DiamondDrawerTest" tests="1" skipped="0" failures="0" errors="0" timestamp="2024-11-15T21:36:45" hostname="LAPTOP-KVQGCN16" time="0.014">
  <properties/>
  <testcase name="testCLetterReturnsAccordingDiamond()" classname="DiamondDrawerTest" time="0.014"/>
  <system-out><![CDATA[]]></system-out>
  <system-err><![CDATA[]]></system-err>
</testsuite>
