<?xml version="1.0" encoding="UTF-8"?>
<testsuite name="DiamondDrawerTest" tests="1" skipped="0" failures="0" errors="0" timestamp="2024-11-15T21:17:41" hostname="LAPTOP-KVQGCN16" time="0.013">
  <properties/>
  <testcase name="testALetterReturnsTwoLinesString()" classname="DiamondDrawerTest" time="0.013"/>
  <system-out><![CDATA[]]></system-out>
  <system-err><![CDATA[]]></system-err>
</testsuite>
